2024-12-25 19:21:39 [ERROR]: Connection failed to MongoDb: 
2024-12-25 19:22:16 [ERROR]: Connection failed to MongoDb: 
2024-12-25 19:23:03 [ERROR]: Connection failed to MongoDb: 
2024-12-25 19:24:00 [ERROR]: Connection failed to MongoDb: 
2024-12-25 19:25:16 [INFO]: Connected to MongoDb
2024-12-25 19:25:33 [INFO]: Connected to MongoDb
2024-12-25 19:53:59 [ERROR]: Connection failed to MongoDb: 
2024-12-25 19:54:25 [INFO]: Connected to MongoDb
2024-12-25 19:56:19 [INFO]: POST - / from localhost, body: {"email":"rufet.isr12345@gmail.com","username":"rufat.isg","password":"Gpa12345678m"}, params: {}
2024-12-25 20:15:03 [ERROR]: Connection failed to MongoDb: 
2024-12-25 20:15:13 [INFO]: Connected to MongoDb
2024-12-25 20:16:21 [INFO]: Connected to MongoDb
2024-12-25 20:17:40 [ERROR]: Connection failed to MongoDb: 
2024-12-25 20:17:49 [INFO]: Connected to MongoDb
2024-12-25 20:26:31 [ERROR]: Connection failed to MongoDb: 
2024-12-25 20:26:36 [ERROR]: Connection failed to MongoDb: 
2024-12-25 20:26:43 [ERROR]: Connection failed to MongoDb: 
2024-12-25 20:26:52 [INFO]: Connected to MongoDb
2024-12-25 20:28:11 [INFO]: POST - / from localhost, body: {"points":[15,12,15],"credits":[0.5,1.25,0.5]}, params: {}
2024-12-25 20:31:18 [INFO]: POST - / from localhost, body: {"points":[56,65,64],"credits":[3,4,5]}, params: {}
2024-12-25 20:32:49 [INFO]: DELETE - /1 from localhost, body: {}, params: {}
2024-12-25 20:33:23 [INFO]: POST - / from localhost, body: {"points":[64,86,80],"credits":[4,5,9]}, params: {}
2024-12-25 20:34:07 [INFO]: DELETE - /0 from localhost, body: {}, params: {}
2024-12-25 20:36:53 [INFO]: POST - / from localhost, body: {"email":"rufat.isg@gmail.com","username":"rufat.isr","password":"Gpa12345678m"}, params: {}
2024-12-25 21:29:57 [INFO]: Connected to MongoDb
2024-12-25 21:47:50 [INFO]: POST - / from localhost, body: {"points":[15.5,18],"credits":[3,3],"subjects":["Meta-1","Meta-2"]}, params: {}
2024-12-25 22:56:34 [INFO]: POST - / from localhost, body: {"email":"rufet.isr12345@gmail.com","username":"rufat.isr","password":"Gpa12345678m"}, params: {}
2024-12-25 23:05:24 [INFO]: POST - / from localhost, body: {"email":"rufet.isr12345@gmail.com","username":"rufet","password":"Gpa12345678m"}, params: {}
2024-12-25 23:12:22 [INFO]: POST - / from localhost, body: {"email":"rufet.isr12345@gmail.com","username":"rufet","password":"Gpa12345678m"}, params: {}
2024-12-25 23:23:25 [INFO]: POST - / from localhost, body: {"email":"rufet.isr12345@gmail.com","username":"rufet","password":"Gpa12345678m"}, params: {}
2024-12-25 23:33:28 [INFO]: POST - / from localhost, body: {"email":"rufet.isr12345@gmail.com","username":"rufet","password":"Gpa12345678m"}, params: {}
2024-12-25 23:41:30 [INFO]: POST - / from localhost, body: {"email":"rufet.isr12345@gmail.com","username":"rufet","password":"Gpa12345678m"}, params: {}
2024-12-25 23:46:41 [INFO]: POST - / from localhost, body: {"email":"rufet.isr12345@gmail.com","username":"rufet","password":"Gpa12345678m"}, params: {}
2024-12-25 23:53:16 [INFO]: POST - / from localhost, body: {"email":"rufet.isr12345@gmail.com","username":"rufet","password":"Gpa12345678m"}, params: {}
2024-12-25 23:56:18 [INFO]: POST - / from localhost, body: {"points":[12.5,11.5],"credits":[1.5,1.5],"subjects":["Math-1","Math-1"]}, params: {}
2024-12-26 00:00:12 [INFO]: POST - / from localhost, body: {"points":[15,11.5],"credits":[1,1],"subjects":["Image-1","Image-1"]}, params: {}
2024-12-26 00:02:37 [INFO]: POST - / from localhost, body: {"points":[15.5,18],"credits":[3,3],"subjects":["Meta-1","Meta-2"]}, params: {}
2024-12-26 00:04:03 [INFO]: Connected to MongoDb
2024-12-26 10:13:27 [INFO]: Connected to MongoDb
2024-12-26 10:38:55 [INFO]: Connected to MongoDb
